<?xml version="1.0" encoding="UTF-8"?>
<!-- Generated by org.testng.reporters.JUnitXMLReporter -->
<testsuite ignored="0" hostname="DESKTOP-VQCK5T1" failures="0" tests="8" name="ExecuteDPParallelly" time="0.057" errors="0" timestamp="2021-08-08T02:57:51 GMT-04:00">
  <testcase classname="interveiwQuestionsForSelenium.TestNG" name="testMethod" time="0.005"/>
  <testcase classname="interveiwQuestionsForSelenium.TestNG" name="testMethod" time="0.006"/>
  <testcase classname="interveiwQuestionsForSelenium.TestNG" name="testMethod" time="0.005"/>
  <testcase classname="interveiwQuestionsForSelenium.TestNG" name="testMethod" time="0.001"/>
  <testcase classname="interveiwQuestionsForSelenium.TestNG" name="testMethod" time="0.003"/>
  <testcase classname="interveiwQuestionsForSelenium.TestNG" name="testMethod" time="0.003"/>
  <testcase classname="interveiwQuestionsForSelenium.TestNG" name="testMethod" time="0.001"/>
  <testcase classname="interveiwQuestionsForSelenium.TestNG" name="testMethod" time="0.002"/>
</testsuite> <!-- ExecuteDPParallelly -->
