<?xml version="1.0" encoding="UTF-8"?>
<!-- Generated by org.testng.reporters.JUnitXMLReporter -->
<testsuite ignored="0" hostname="DESKTOP-VQCK5T1" failures="0" tests="8" name="Default test" time="0.063" errors="0" timestamp="2021-08-08T02:55:05 GMT-04:00">
  <testcase classname="interveiwQuestionsForSelenium.TestNG" name="testMethod" time="0.009"/>
  <testcase classname="interveiwQuestionsForSelenium.TestNG" name="testMethod" time="0.008"/>
  <testcase classname="interveiwQuestionsForSelenium.TestNG" name="testMethod" time="0.009"/>
  <testcase classname="interveiwQuestionsForSelenium.TestNG" name="testMethod" time="0.011"/>
  <testcase classname="interveiwQuestionsForSelenium.TestNG" name="testMethod" time="0.01"/>
  <testcase classname="interveiwQuestionsForSelenium.TestNG" name="testMethod" time="0.012"/>
  <testcase classname="interveiwQuestionsForSelenium.TestNG" name="testMethod" time="0.012"/>
  <testcase classname="interveiwQuestionsForSelenium.TestNG" name="testMethod" time="0.013"/>
</testsuite> <!-- Default test -->
