<?xml version="1.0" encoding="UTF-8"?>
<!-- Generated by org.testng.reporters.JUnitXMLReporter -->
<testsuite ignored="0" hostname="DESKTOP-VQCK5T1" failures="0" tests="4" name="Test" time="41.691" errors="0" timestamp="2021-08-09T17:55:30 EDT">
  <testcase classname="interveiwQuestionsForSelenium.FirefoxTest" name="FirefoxTestMethod" time="3.541"/>
  <testcase classname="interveiwQuestionsForSelenium.ChromeTest" name="ChromeTestMethod" time="4.026"/>
  <testcase classname="interveiwQuestionsForSelenium.ParallelTest" name="ChromeTest" time="8.934"/>
  <testcase classname="interveiwQuestionsForSelenium.ParallelTest" name="FirefoxTest" time="10.946"/>
</testsuite> <!-- Test -->
