<?xml version="1.0" encoding="UTF-8"?>
<testng-results ignored="0" total="4" passed="4" failed="0" skipped="0">
  <reporter-output>
  </reporter-output>
  <suite started-at="2021-08-09T17:54:48 EDT" name="Suite" finished-at="2021-08-09T17:55:30 EDT" duration-ms="41691">
    <groups>
    </groups>
    <test started-at="2021-08-09T17:54:48 EDT" name="Test" finished-at="2021-08-09T17:55:30 EDT" duration-ms="41691">
      <class name="interveiwQuestionsForSelenium.ChromeTest">
        <test-method is-config="true" signature="beforeTest()[pri:0, instance:interveiwQuestionsForSelenium.ChromeTest@5dafbe45]" started-at="2021-08-09T17:54:48 EDT" name="beforeTest" finished-at="2021-08-09T17:54:51 EDT" duration-ms="3302" status="PASS">
          <reporter-output>
          </reporter-output>
        </test-method> <!-- beforeTest -->
        <test-method signature="ChromeTestMethod()[pri:0, instance:interveiwQuestionsForSelenium.ChromeTest@5dafbe45]" started-at="2021-08-09T17:55:04 EDT" name="ChromeTestMethod" finished-at="2021-08-09T17:55:08 EDT" duration-ms="4026" status="PASS">
          <reporter-output>
          </reporter-output>
        </test-method> <!-- ChromeTestMethod -->
        <test-method is-config="true" signature="afterTest()[pri:0, instance:interveiwQuestionsForSelenium.ChromeTest@5dafbe45]" started-at="2021-08-09T17:55:28 EDT" name="afterTest" finished-at="2021-08-09T17:55:28 EDT" duration-ms="175" status="PASS">
          <reporter-output>
          </reporter-output>
        </test-method> <!-- afterTest -->
      </class> <!-- interveiwQuestionsForSelenium.ChromeTest -->
      <class name="interveiwQuestionsForSelenium.FirefoxTest">
        <test-method is-config="true" signature="beforeTest()[pri:0, instance:interveiwQuestionsForSelenium.FirefoxTest@169bb4dd]" started-at="2021-08-09T17:54:51 EDT" name="beforeTest" finished-at="2021-08-09T17:55:01 EDT" duration-ms="9115" status="PASS">
          <reporter-output>
          </reporter-output>
        </test-method> <!-- beforeTest -->
        <test-method signature="FirefoxTestMethod()[pri:0, instance:interveiwQuestionsForSelenium.FirefoxTest@169bb4dd]" started-at="2021-08-09T17:55:01 EDT" name="FirefoxTestMethod" finished-at="2021-08-09T17:55:04 EDT" duration-ms="3541" status="PASS">
          <reporter-output>
          </reporter-output>
        </test-method> <!-- FirefoxTestMethod -->
        <test-method is-config="true" signature="afterTest()[pri:0, instance:interveiwQuestionsForSelenium.FirefoxTest@169bb4dd]" started-at="2021-08-09T17:55:28 EDT" name="afterTest" finished-at="2021-08-09T17:55:30 EDT" duration-ms="1559" status="PASS">
          <reporter-output>
          </reporter-output>
        </test-method> <!-- afterTest -->
      </class> <!-- interveiwQuestionsForSelenium.FirefoxTest -->
      <class name="interveiwQuestionsForSelenium.ParallelTest">
        <test-method signature="ChromeTest()[pri:0, instance:interveiwQuestionsForSelenium.ParallelTest@2254127a]" started-at="2021-08-09T17:55:08 EDT" name="ChromeTest" finished-at="2021-08-09T17:55:17 EDT" duration-ms="8934" status="PASS">
          <reporter-output>
          </reporter-output>
        </test-method> <!-- ChromeTest -->
        <test-method signature="FirefoxTest()[pri:0, instance:interveiwQuestionsForSelenium.ParallelTest@2254127a]" started-at="2021-08-09T17:55:17 EDT" name="FirefoxTest" finished-at="2021-08-09T17:55:28 EDT" duration-ms="10946" status="PASS">
          <reporter-output>
          </reporter-output>
        </test-method> <!-- FirefoxTest -->
      </class> <!-- interveiwQuestionsForSelenium.ParallelTest -->
    </test> <!-- Test -->
  </suite> <!-- Suite -->
</testng-results>
