<?xml version="1.0" encoding="UTF-8"?>
<!-- Generated by org.testng.reporters.JUnitXMLReporter -->
<testsuite ignored="0" hostname="DESKTOP-VQCK5T1" failures="0" tests="2" name="Parallel Tests" time="10.403" errors="0" timestamp="2021-08-08T02:45:15 GMT-04:00">
  <testcase classname="interveiwQuestionsForSelenium.FirefoxTest" name="FirefoxTestMethod" time="4.064"/>
  <testcase classname="interveiwQuestionsForSelenium.ChromeTest" name="ChromeTestMethod" time="4.176"/>
</testsuite> <!-- Parallel Tests -->
